<?xml version="1.0" encoding="UTF-8"?>
<!-- Generated by org.testng.reporters.JUnitXMLReporter -->
<testsuite ignored="1" hostname="DESKTOP-ROLOOPG" failures="0" tests="1" name="Default test" time="2.265" errors="0" timestamp="2024-03-14T23:02:02 CDT">
  <testcase classname="com.tekArch.tests.login.ValidateLoginAPI_Functionality" name="validateLoginWithInValidCredentials" time="1.519"/>
  <testcase classname="com.tekArch.tests.login.ValidateLoginAPI_Functionality" name="validateLoginWithValidCredentials" time="0.0">
    <ignored/>
  </testcase> <!-- validateLoginWithValidCredentials -->
</testsuite> <!-- Default test -->
