<?xml version="1.0" encoding="UTF-8"?>
<!-- Generated by org.testng.reporters.JUnitXMLReporter -->
<testsuite ignored="0" hostname="DESKTOP-ROLOOPG" failures="0" tests="4" name="Add data and delete data functionality" time="26.362" errors="0" timestamp="2024-03-14T15:11:08 CDT">
  <testcase classname="com.tekArch.tests.CRUD.ValidateAddAndDeleteData_Functionality" name="validateAddDataFunctionality" time="0.407"/>
  <testcase classname="com.tekArch.tests.CRUD.ValidateAddAndDeleteData_Functionality" name="validateAddedDataInGetData" time="15.212"/>
  <testcase classname="com.tekArch.tests.CRUD.ValidateAddAndDeleteData_Functionality" name="validateDeleteData" time="0.278"/>
  <testcase classname="com.tekArch.tests.CRUD.ValidateAddAndDeleteData_Functionality" name="validateDeletedDataInGetData" time="10.052"/>
</testsuite> <!-- Add data and delete data functionality -->
