<?xml version="1.0" encoding="UTF-8"?>
<!-- Generated by org.testng.reporters.JUnitXMLReporter -->
<testsuite ignored="0" hostname="DESKTOP-ROLOOPG" failures="0" tests="6" name="Login functionality" time="18.569" errors="0" timestamp="2024-03-14T23:07:13 CDT">
  <testcase classname="com.tekArch.tests.login.ValidateLoginAPI_Functionality" name="validateLoginWithValidCredentials" time="1.737"/>
  <testcase classname="com.tekArch.tests.login.ValidateLoginAPI_Functionality" name="validateLoginWithInValidCredentials" time="0.187"/>
  <testcase classname="com.tekArch.tests.CRUD.ValidateAddAndDeleteData_Functionality" name="validateAddDataFunctionality" time="0.576"/>
  <testcase classname="com.tekArch.tests.CRUD.ValidateAddAndDeleteData_Functionality" name="validateAddedDataInGetData" time="4.765"/>
  <testcase classname="com.tekArch.tests.CRUD.ValidateAddAndDeleteData_Functionality" name="validateDeleteData" time="0.34"/>
  <testcase classname="com.tekArch.tests.CRUD.ValidateAddAndDeleteData_Functionality" name="validateDeletedDataInGetData" time="9.884"/>
</testsuite> <!-- Login functionality -->
