<?xml version="1.0" encoding="UTF-8"?>
<!-- Generated by org.testng.reporters.JUnitXMLReporter -->
<testsuite ignored="0" hostname="DESKTOP-ROLOOPG" failures="0" tests="2" name="Login functionality" time="3.003" errors="0" timestamp="2024-03-14T15:10:42 CDT">
  <testcase classname="com.tekArch.tests.login.ValidateLoginAPI_Functionality" name="validateLoginWithValidCredentials" time="1.998"/>
  <testcase classname="com.tekArch.tests.login.ValidateLoginAPI_Functionality" name="validateLoginWithInValidCredentials" time="0.188"/>
</testsuite> <!-- Login functionality -->
